{"/home/laptop/Learn/04-sdi/5-Projects/minisprint-checkout-a-book/server/knexfile.js": {"path":"/home/laptop/Learn/04-sdi/5-Projects/minisprint-checkout-a-book/server/knexfile.js","statementMap":{"0":{"start":{"line":3,"column":0},"end":{"line":39,"column":2}}},"fnMap":{},"branchMap":{},"s":{"0":1},"f":{},"b":{},"_coverageSchema":"1a1c01bbd47fc00a2c39e90264f33305004495a9","hash":"82480c9e30489b287121823147a2044b7d2e8ecc"}
,"/home/laptop/Learn/04-sdi/5-Projects/minisprint-checkout-a-book/server/server.js": {"path":"/home/laptop/Learn/04-sdi/5-Projects/minisprint-checkout-a-book/server/server.js","statementMap":{"0":{"start":{"line":1,"column":16},"end":{"line":1,"column":34}},"1":{"start":{"line":2,"column":12},"end":{"line":2,"column":21}},"2":{"start":{"line":3,"column":13},"end":{"line":3,"column":28}},"3":{"start":{"line":4,"column":17},"end":{"line":4,"column":38}},"4":{"start":{"line":5,"column":11},"end":{"line":5,"column":37}},"5":{"start":{"line":7,"column":0},"end":{"line":7,"column":24}},"6":{"start":{"line":8,"column":0},"end":{"line":8,"column":49}},"7":{"start":{"line":10,"column":0},"end":{"line":13,"column":3}},"8":{"start":{"line":11,"column":24},"end":{"line":11,"column":55}},"9":{"start":{"line":12,"column":4},"end":{"line":12,"column":26}},"10":{"start":{"line":15,"column":0},"end":{"line":19,"column":3}},"11":{"start":{"line":16,"column":13},"end":{"line":16,"column":30}},"12":{"start":{"line":17,"column":19},"end":{"line":17,"column":66}},"13":{"start":{"line":18,"column":2},"end":{"line":18,"column":21}},"14":{"start":{"line":21,"column":0},"end":{"line":36,"column":5}},"15":{"start":{"line":22,"column":15},"end":{"line":22,"column":32}},"16":{"start":{"line":23,"column":19},"end":{"line":23,"column":36}},"17":{"start":{"line":24,"column":20},"end":{"line":24,"column":30}},"18":{"start":{"line":25,"column":4},"end":{"line":25,"column":43}},"19":{"start":{"line":26,"column":21},"end":{"line":34,"column":8}},"20":{"start":{"line":35,"column":4},"end":{"line":35,"column":31}},"21":{"start":{"line":38,"column":2},"end":{"line":59,"column":5}},"22":{"start":{"line":39,"column":17},"end":{"line":39,"column":44}},"23":{"start":{"line":40,"column":21},"end":{"line":40,"column":48}},"24":{"start":{"line":41,"column":23},"end":{"line":44,"column":24}},"25":{"start":{"line":45,"column":23},"end":{"line":45,"column":34}},"26":{"start":{"line":47,"column":20},"end":{"line":47,"column":22}},"27":{"start":{"line":49,"column":6},"end":{"line":57,"column":7}},"28":{"start":{"line":50,"column":8},"end":{"line":50,"column":55}},"29":{"start":{"line":52,"column":8},"end":{"line":56,"column":9}},"30":{"start":{"line":53,"column":12},"end":{"line":53,"column":67}},"31":{"start":{"line":55,"column":10},"end":{"line":55,"column":105}},"32":{"start":{"line":58,"column":6},"end":{"line":58,"column":23}},"33":{"start":{"line":61,"column":2},"end":{"line":79,"column":4}},"34":{"start":{"line":62,"column":15},"end":{"line":62,"column":42}},"35":{"start":{"line":63,"column":23},"end":{"line":71,"column":8}},"36":{"start":{"line":72,"column":18},"end":{"line":72,"column":20}},"37":{"start":{"line":73,"column":4},"end":{"line":77,"column":5}},"38":{"start":{"line":74,"column":6},"end":{"line":74,"column":58}},"39":{"start":{"line":76,"column":6},"end":{"line":76,"column":58}},"40":{"start":{"line":78,"column":4},"end":{"line":78,"column":22}},"41":{"start":{"line":80,"column":0},"end":{"line":80,"column":21}}},"fnMap":{"0":{"name":"(anonymous_0)","decl":{"start":{"line":10,"column":22},"end":{"line":10,"column":23}},"loc":{"start":{"line":10,"column":42},"end":{"line":13,"column":1}},"line":10},"1":{"name":"(anonymous_1)","decl":{"start":{"line":15,"column":30},"end":{"line":15,"column":31}},"loc":{"start":{"line":15,"column":50},"end":{"line":19,"column":1}},"line":15},"2":{"name":"(anonymous_2)","decl":{"start":{"line":21,"column":49},"end":{"line":21,"column":50}},"loc":{"start":{"line":21,"column":69},"end":{"line":36,"column":3}},"line":21},"3":{"name":"(anonymous_3)","decl":{"start":{"line":38,"column":49},"end":{"line":38,"column":50}},"loc":{"start":{"line":38,"column":69},"end":{"line":59,"column":3}},"line":38},"4":{"name":"(anonymous_4)","decl":{"start":{"line":61,"column":41},"end":{"line":61,"column":42}},"loc":{"start":{"line":61,"column":61},"end":{"line":79,"column":3}},"line":61}},"branchMap":{"0":{"loc":{"start":{"line":49,"column":6},"end":{"line":57,"column":7}},"type":"if","locations":[{"start":{"line":49,"column":6},"end":{"line":57,"column":7}},{"start":{"line":49,"column":6},"end":{"line":57,"column":7}}],"line":49},"1":{"loc":{"start":{"line":52,"column":8},"end":{"line":56,"column":9}},"type":"if","locations":[{"start":{"line":52,"column":8},"end":{"line":56,"column":9}},{"start":{"line":52,"column":8},"end":{"line":56,"column":9}}],"line":52},"2":{"loc":{"start":{"line":73,"column":4},"end":{"line":77,"column":5}},"type":"if","locations":[{"start":{"line":73,"column":4},"end":{"line":77,"column":5}},{"start":{"line":73,"column":4},"end":{"line":77,"column":5}}],"line":73}},"s":{"0":1,"1":1,"2":1,"3":1,"4":1,"5":1,"6":1,"7":1,"8":2,"9":2,"10":1,"11":2,"12":2,"13":2,"14":1,"15":1,"16":1,"17":1,"18":1,"19":1,"20":1,"21":1,"22":3,"23":3,"24":3,"25":3,"26":3,"27":3,"28":1,"29":2,"30":1,"31":1,"32":3,"33":1,"34":1,"35":1,"36":1,"37":1,"38":1,"39":0,"40":1,"41":1},"f":{"0":2,"1":2,"2":1,"3":3,"4":1},"b":{"0":[1,2],"1":[1,1],"2":[1,0]},"_coverageSchema":"1a1c01bbd47fc00a2c39e90264f33305004495a9","hash":"671d656b802b7271433f0dc661eac3c2ee8f589e"}
,"/home/laptop/Learn/04-sdi/5-Projects/minisprint-checkout-a-book/server/db/db.js": {"path":"/home/laptop/Learn/04-sdi/5-Projects/minisprint-checkout-a-book/server/db/db.js","statementMap":{"0":{"start":{"line":1,"column":13},"end":{"line":1,"column":28}},"1":{"start":{"line":2,"column":15},"end":{"line":2,"column":37}},"2":{"start":{"line":4,"column":9},"end":{"line":4,"column":13}},"3":{"start":{"line":6,"column":0},"end":{"line":10,"column":1}},"4":{"start":{"line":7,"column":4},"end":{"line":7,"column":27}},"5":{"start":{"line":9,"column":4},"end":{"line":9,"column":34}},"6":{"start":{"line":13,"column":22},"end":{"line":46,"column":1}},"7":{"start":{"line":14,"column":4},"end":{"line":41,"column":7}},"8":{"start":{"line":15,"column":8},"end":{"line":40,"column":9}},"9":{"start":{"line":16,"column":12},"end":{"line":39,"column":15}},"10":{"start":{"line":17,"column":14},"end":{"line":17,"column":47}},"11":{"start":{"line":18,"column":14},"end":{"line":18,"column":41}},"12":{"start":{"line":19,"column":14},"end":{"line":19,"column":42}},"13":{"start":{"line":20,"column":14},"end":{"line":20,"column":39}},"14":{"start":{"line":21,"column":14},"end":{"line":21,"column":57}},"15":{"start":{"line":22,"column":14},"end":{"line":22,"column":37}},"16":{"start":{"line":23,"column":14},"end":{"line":23,"column":37}},"17":{"start":{"line":26,"column":16},"end":{"line":26,"column":60}},"18":{"start":{"line":27,"column":16},"end":{"line":38,"column":21}},"19":{"start":{"line":43,"column":4},"end":{"line":43,"column":38}},"20":{"start":{"line":48,"column":21},"end":{"line":54,"column":1}},"21":{"start":{"line":50,"column":4},"end":{"line":50,"column":47}},"22":{"start":{"line":51,"column":4},"end":{"line":51,"column":23}},"23":{"start":{"line":52,"column":4},"end":{"line":52,"column":46}},"24":{"start":{"line":53,"column":4},"end":{"line":53,"column":11}},"25":{"start":{"line":56,"column":0},"end":{"line":60,"column":2}}},"fnMap":{"0":{"name":"(anonymous_0)","decl":{"start":{"line":13,"column":22},"end":{"line":13,"column":23}},"loc":{"start":{"line":13,"column":34},"end":{"line":46,"column":1}},"line":13},"1":{"name":"(anonymous_1)","decl":{"start":{"line":14,"column":44},"end":{"line":14,"column":45}},"loc":{"start":{"line":14,"column":54},"end":{"line":41,"column":5}},"line":14},"2":{"name":"(anonymous_2)","decl":{"start":{"line":16,"column":50},"end":{"line":16,"column":51}},"loc":{"start":{"line":16,"column":59},"end":{"line":24,"column":13}},"line":16},"3":{"name":"(anonymous_3)","decl":{"start":{"line":25,"column":18},"end":{"line":25,"column":19}},"loc":{"start":{"line":25,"column":24},"end":{"line":39,"column":13}},"line":25},"4":{"name":"(anonymous_4)","decl":{"start":{"line":48,"column":21},"end":{"line":48,"column":22}},"loc":{"start":{"line":48,"column":33},"end":{"line":54,"column":1}},"line":48}},"branchMap":{"0":{"loc":{"start":{"line":6,"column":0},"end":{"line":10,"column":1}},"type":"if","locations":[{"start":{"line":6,"column":0},"end":{"line":10,"column":1}},{"start":{"line":6,"column":0},"end":{"line":10,"column":1}}],"line":6},"1":{"loc":{"start":{"line":15,"column":8},"end":{"line":40,"column":9}},"type":"if","locations":[{"start":{"line":15,"column":8},"end":{"line":40,"column":9}},{"start":{"line":15,"column":8},"end":{"line":40,"column":9}}],"line":15}},"s":{"0":1,"1":1,"2":1,"3":1,"4":1,"5":0,"6":1,"7":1,"8":1,"9":1,"10":1,"11":1,"12":1,"13":1,"14":1,"15":1,"16":1,"17":1,"18":1,"19":1,"20":1,"21":1,"22":1,"23":1,"24":1,"25":1},"f":{"0":1,"1":1,"2":1,"3":1,"4":1},"b":{"0":[1,0],"1":[1,0]},"_coverageSchema":"1a1c01bbd47fc00a2c39e90264f33305004495a9","hash":"fb684ad42ddb8ae9891daed9871c507e530b260e"}
}
